#
# There is insufficient memory for the Java Runtime Environment to continue.
# Native memory allocation (mmap) failed to map 119013376 bytes for committing reserved memory.
# Possible reasons:
#   The system is out of physical RAM or swap space
#   The process is running with CompressedOops enabled, and the Java Heap may be blocking the growth of the native heap
# Possible solutions:
#   Reduce memory load on the system
#   Increase physical memory or swap space
#   Check if swap backing store is full
#   Decrease Java heap size (-Xmx/-Xms)
#   Decrease number of Java threads
#   Decrease Java thread stack sizes (-Xss)
#   Set larger code cache with -XX:ReservedCodeCacheSize=
#   JVM is running with Unscaled Compressed Oops mode in which the Java heap is
#     placed in the first 4GB address space. The Java Heap base address is the
#     maximum limit for the native heap growth. Please use -XX:HeapBaseMinAddress
#     to set the Java Heap base and to place the Java Heap above 4GB virtual address.
# This output file may be truncated or incomplete.
#
#  Out of Memory Error (os_linux.cpp:2756), pid=27239, tid=0x00007f95de8f0700
#
# JRE version: OpenJDK Runtime Environment (8.0_212-b03) (build 1.8.0_212-8u212-b03-0ubuntu1.16.04.1-b03)
# Java VM: OpenJDK 64-Bit Server VM (25.212-b03 mixed mode linux-amd64 compressed oops)
# Failed to write core dump. Core dumps have been disabled. To enable core dumping, try "ulimit -c unlimited" before starting Java again
#

---------------  T H R E A D  ---------------

Current thread (0x00007f9600146800):  VMThread [stack: 0x00007f95de7f0000,0x00007f95de8f1000] [id=27250]

Stack: [0x00007f95de7f0000,0x00007f95de8f1000],  sp=0x00007f95de8ef4e0,  free space=1021k
Native frames: (J=compiled Java code, j=interpreted, Vv=VM code, C=native code)
V  [libjvm.so+0xa75a3b]
V  [libjvm.so+0x4c9e6c]
V  [libjvm.so+0x8c2798]
V  [libjvm.so+0x8b9dde]
V  [libjvm.so+0x937e46]
V  [libjvm.so+0x939173]
V  [libjvm.so+0x93583b]
V  [libjvm.so+0x935aec]
V  [libjvm.so+0x8e73e3]
V  [libjvm.so+0xa776f2]
V  [libjvm.so+0xa7c707]
V  [libjvm.so+0xa79fa7]
V  [libjvm.so+0xa7b28f]
V  [libjvm.so+0xa7b781]
V  [libjvm.so+0x8bfaf2]

VM_Operation (0x00007f95a85f90f0): ParallelGCFailedAllocation, mode: safepoint, requested by thread 0x00007f9600bc7000


---------------  P R O C E S S  ---------------

Java Threads: ( => current thread )
  0x00007f9600012000 JavaThread "DestroyJavaVM" [_thread_blocked, id=27241, stack(0x00007f96089a0000,0x00007f9608aa1000)]
  0x00007f9600c12000 JavaThread "http-nio-8888-AsyncTimeout" daemon [_thread_blocked, id=27323, stack(0x00007f956b6f7000,0x00007f956b7f8000)]
  0x00007f9600c11000 JavaThread "http-nio-8888-Acceptor-0" daemon [_thread_in_native, id=27322, stack(0x00007f956b7f8000,0x00007f956b8f9000)]
  0x00007f9600c0e000 JavaThread "http-nio-8888-ClientPoller-1" daemon [_thread_in_native, id=27321, stack(0x00007f956b8f9000,0x00007f956b9fa000)]
  0x00007f9600bf3800 JavaThread "http-nio-8888-ClientPoller-0" daemon [_thread_in_native, id=27320, stack(0x00007f956b9fa000,0x00007f956bafb000)]
  0x00007f9600bd7800 JavaThread "http-nio-8888-exec-10" daemon [_thread_blocked, id=27319, stack(0x00007f956bafb000,0x00007f956bbfc000)]
  0x00007f9600bd5800 JavaThread "http-nio-8888-exec-9" daemon [_thread_blocked, id=27318, stack(0x00007f956bbfc000,0x00007f956bcfd000)]
  0x00007f9600bd3800 JavaThread "http-nio-8888-exec-8" daemon [_thread_blocked, id=27317, stack(0x00007f956bcfd000,0x00007f956bdfe000)]
  0x00007f9600bd1800 JavaThread "http-nio-8888-exec-7" daemon [_thread_blocked, id=27316, stack(0x00007f956bdfe000,0x00007f956beff000)]
  0x00007f9600bd0000 JavaThread "http-nio-8888-exec-6" daemon [_thread_blocked, id=27315, stack(0x00007f956beff000,0x00007f956c000000)]
  0x00007f9600bce000 JavaThread "http-nio-8888-exec-5" daemon [_thread_blocked, id=27314, stack(0x00007f95a80f8000,0x00007f95a81f9000)]
  0x00007f9600bcc000 JavaThread "http-nio-8888-exec-4" daemon [_thread_blocked, id=27313, stack(0x00007f95a81f9000,0x00007f95a82fa000)]
  0x00007f9600bca000 JavaThread "http-nio-8888-exec-3" daemon [_thread_blocked, id=27312, stack(0x00007f95a82fa000,0x00007f95a83fb000)]
  0x00007f9600bc8800 JavaThread "http-nio-8888-exec-2" daemon [_thread_blocked, id=27311, stack(0x00007f95a83fb000,0x00007f95a84fc000)]
  0x00007f9600bc7000 JavaThread "http-nio-8888-exec-1" daemon [_thread_blocked, id=27310, stack(0x00007f95a84fc000,0x00007f95a85fd000)]
  0x00007f9600b9d000 JavaThread "NioBlockingSelector.BlockPoller-1" daemon [_thread_in_native, id=27309, stack(0x00007f95a87fd000,0x00007f95a88fe000)]
  0x00007f9600a91000 JavaThread "container-0" [_thread_blocked, id=27304, stack(0x00007f95a88fe000,0x00007f95a89ff000)]
  0x00007f9600a8f800 JavaThread "ContainerBackgroundProcessor[StandardEngine[Tomcat]]" daemon [_thread_blocked, id=27303, stack(0x00007f95dc0be000,0x00007f95dc1bf000)]
  0x00007f9598019800 JavaThread "RMI Scheduler(0)" daemon [_thread_blocked, id=27281, stack(0x00007f95dcac5000,0x00007f95dcbc6000)]
  0x00007f95a4002000 JavaThread "RMI TCP Connection(idle)" daemon [_thread_blocked, id=27278, stack(0x00007f95dcdc6000,0x00007f95dcec7000)]
  0x00007f95c4001000 JavaThread "Attach Listener" daemon [_thread_blocked, id=27274, stack(0x00007f95dd1c8000,0x00007f95dd2c9000)]
  0x00007f960056f800 JavaThread "RMI TCP Accept-0" daemon [_thread_in_native, id=27272, stack(0x00007f95dd3ca000,0x00007f95dd4cb000)]
  0x00007f960044a800 JavaThread "Service Thread" daemon [_thread_blocked, id=27271, stack(0x00007f95ddb03000,0x00007f95ddc04000)]
  0x00007f9600446800 JavaThread "C1 CompilerThread2" daemon [_thread_blocked, id=27270, stack(0x00007f95ddc04000,0x00007f95ddd05000)]
  0x00007f9600444800 JavaThread "C2 CompilerThread1" daemon [_thread_blocked, id=27269, stack(0x00007f95ddd05000,0x00007f95dde06000)]
  0x00007f9600442800 JavaThread "C2 CompilerThread0" daemon [_thread_blocked, id=27268, stack(0x00007f95dde06000,0x00007f95ddf07000)]
  0x00007f95c8001000 JavaThread "JDWP Command Reader" daemon [_thread_in_native, id=27266, stack(0x00007f95ddfe5000,0x00007f95de0e6000)]
  0x00007f9600194800 JavaThread "JDWP Event Helper Thread" daemon [_thread_blocked, id=27264, stack(0x00007f95de0e6000,0x00007f95de1e7000)]
  0x00007f9600191000 JavaThread "JDWP Transport Listener: dt_socket" daemon [_thread_blocked, id=27262, stack(0x00007f95de1e7000,0x00007f95de2e8000)]
  0x00007f9600184000 JavaThread "Signal Dispatcher" daemon [_thread_blocked, id=27259, stack(0x00007f95de4ed000,0x00007f95de5ee000)]
  0x00007f9600152800 JavaThread "Finalizer" daemon [_thread_blocked, id=27253, stack(0x00007f95de5ee000,0x00007f95de6ef000)]
  0x00007f9600150000 JavaThread "Reference Handler" daemon [_thread_blocked, id=27252, stack(0x00007f95de6ef000,0x00007f95de7f0000)]

Other Threads:
=>0x00007f9600146800 VMThread [stack: 0x00007f95de7f0000,0x00007f95de8f1000] [id=27250]
  0x00007f9600585800 WatcherThread [stack: 0x00007f95dd2c9000,0x00007f95dd3ca000] [id=27273]

VM state:at safepoint (normal execution)

VM Mutex/Monitor currently owned by a thread:  ([mutex/lock_event])
[0x00007f960000e240] Threads_lock - owner thread: 0x00007f9600146800
[0x00007f960000e740] Heap_lock - owner thread: 0x00007f9600bc7000

heap address: 0x0000000085600000, size: 1962 MB, Compressed Oops mode: 32-bit
Narrow klass base: 0x0000000000000000, Narrow klass shift: 3
Compressed class space size: 1073741824 Address: 0x0000000100000000

Heap:
 PSYoungGen      total 537088K, used 4021K [0x00000000d7200000, 0x00000000f8e80000, 0x0000000100000000)
  eden space 520704K, 0% used [0x00000000d7200000,0x00000000d7200000,0x00000000f6e80000)
  from space 16384K, 24% used [0x00000000f6e80000,0x00000000f726d640,0x00000000f7e80000)
  to   space 5120K, 0% used [0x00000000f8980000,0x00000000f8980000,0x00000000f8e80000)
 ParOldGen       total 82432K, used 18915K [0x0000000085600000, 0x000000008a680000, 0x00000000d7200000)
  object space 82432K, 22% used [0x0000000085600000,0x0000000086878db0,0x000000008a680000)
 Metaspace       used 34543K, capacity 35974K, committed 36312K, reserved 1081344K
  class space    used 4393K, capacity 4698K, committed 4824K, reserved 1048576K

Card table byte_map: [0x00007f95f086a000,0x00007f95f0c40000] byte_map_base: 0x00007f95f043f000

Marking Bits: (ParMarkBitMap*) 0x00007f9607c68580
 Begin Bits: [0x00007f95ec68a000, 0x00007f95ee532000)
 End Bits:   [0x00007f95ee532000, 0x00007f95f03da000)

Polling page: 0x00007f9608abb000

CodeCache: size=245760Kb used=7712Kb max_used=7712Kb free=238047Kb
 bounds [0x00007f95f1000000, 0x00007f95f1790000, 0x00007f9600000000]
 total_blobs=3894 nmethods=3450 adapters=366
 compilation: enabled

Compilation events (10 events):
Event: 65,778 Thread 0x00007f9600446800 3510       1       java.nio.channels.spi.AbstractInterruptibleChannel::blockedOn (13 bytes)
Event: 65,779 Thread 0x00007f9600446800 nmethod 3510 0x00007f95f152cd10 code [0x00007f95f152ce80, 0x00007f95f152d170]
Event: 65,779 Thread 0x00007f9600446800 3511       1       java.lang.System$2::blockedOn (6 bytes)
Event: 65,779 Thread 0x00007f9600446800 nmethod 3511 0x00007f95f152c790 code [0x00007f95f152c900, 0x00007f95f152cbd0]
Event: 65,779 Thread 0x00007f9600446800 3512       1       org.apache.tomcat.util.net.NioEndpoint$NioSocketWrapper::interestOps (5 bytes)
Event: 65,779 Thread 0x00007f9600446800 nmethod 3512 0x00007f95f1648a10 code [0x00007f95f1648b60, 0x00007f95f1648c70]
Event: 68,780 Thread 0x00007f9600446800 3513   !   1       sun.nio.ch.SelectorImpl::processDeregisterQueue (101 bytes)
Event: 68,782 Thread 0x00007f9600446800 nmethod 3513 0x00007f95f152bad0 code [0x00007f95f152bcc0, 0x00007f95f152c258]
Event: 68,783 Thread 0x00007f9600446800 3514       1       sun.nio.ch.EPollArrayWrapper::interrupted (5 bytes)
Event: 68,783 Thread 0x00007f9600446800 nmethod 3514 0x00007f95f152b810 code [0x00007f95f152b960, 0x00007f95f152ba70]

GC Heap History (10 events):
Event: 65,221 GC heap after
Heap after GC invocations=10 (full 2):
 PSYoungGen      total 344064K, used 2275K [0x00000000d7200000, 0x00000000ed480000, 0x0000000100000000)
  eden space 328192K, 0% used [0x00000000d7200000,0x00000000d7200000,0x00000000eb280000)
  from space 15872K, 14% used [0x00000000ec500000,0x00000000ec738cd0,0x00000000ed480000)
  to   space 17408K, 0% used [0x00000000eb280000,0x00000000eb280000,0x00000000ec380000)
 ParOldGen       total 82432K, used 18907K [0x0000000085600000, 0x000000008a680000, 0x00000000d7200000)
  object space 82432K, 22% used [0x0000000085600000,0x0000000086876db0,0x000000008a680000)
 Metaspace       used 34542K, capacity 35974K, committed 36312K, reserved 1081344K
  class space    used 4393K, capacity 4698K, committed 4824K, reserved 1048576K
}
Event: 65,794 GC heap before
{Heap before GC invocations=11 (full 2):
 PSYoungGen      total 344064K, used 330467K [0x00000000d7200000, 0x00000000ed480000, 0x0000000100000000)
  eden space 328192K, 100% used [0x00000000d7200000,0x00000000eb280000,0x00000000eb280000)
  from space 15872K, 14% used [0x00000000ec500000,0x00000000ec738cd0,0x00000000ed480000)
  to   space 17408K, 0% used [0x00000000eb280000,0x00000000eb280000,0x00000000ec380000)
 ParOldGen       total 82432K, used 18907K [0x0000000085600000, 0x000000008a680000, 0x00000000d7200000)
  object space 82432K, 22% used [0x0000000085600000,0x0000000086876db0,0x000000008a680000)
 Metaspace       used 34542K, capacity 35974K, committed 36312K, reserved 1081344K
  class space    used 4393K, capacity 4698K, committed 4824K, reserved 1048576K
Event: 65,798 GC heap after
Heap after GC invocations=11 (full 2):
 PSYoungGen      total 345600K, used 2459K [0x00000000d7200000, 0x00000000f3900000, 0x0000000100000000)
  eden space 328192K, 0% used [0x00000000d7200000,0x00000000d7200000,0x00000000eb280000)
  from space 17408K, 14% used [0x00000000eb280000,0x00000000eb4e6e78,0x00000000ec380000)
  to   space 17408K, 0% used [0x00000000f2800000,0x00000000f2800000,0x00000000f3900000)
 ParOldGen       total 82432K, used 18915K [0x0000000085600000, 0x000000008a680000, 0x00000000d7200000)
  object space 82432K, 22% used [0x0000000085600000,0x0000000086878db0,0x000000008a680000)
 Metaspace       used 34542K, capacity 35974K, committed 36312K, reserved 1081344K
  class space    used 4393K, capacity 4698K, committed 4824K, reserved 1048576K
}
Event: 66,332 GC heap before
{Heap before GC invocations=12 (full 2):
 PSYoungGen      total 345600K, used 330651K [0x00000000d7200000, 0x00000000f3900000, 0x0000000100000000)
  eden space 328192K, 100% used [0x00000000d7200000,0x00000000eb280000,0x00000000eb280000)
  from space 17408K, 14% used [0x00000000eb280000,0x00000000eb4e6e78,0x00000000ec380000)
  to   space 17408K, 0% used [0x00000000f2800000,0x00000000f2800000,0x00000000f3900000)
 ParOldGen       total 82432K, used 18915K [0x0000000085600000, 0x000000008a680000, 0x00000000d7200000)
  object space 82432K, 22% used [0x0000000085600000,0x0000000086878db0,0x000000008a680000)
 Metaspace       used 34542K, capacity 35974K, committed 36312K, reserved 1081344K
  class space    used 4393K, capacity 4698K, committed 4824K, reserved 1048576K
Event: 66,335 GC heap after
Heap after GC invocations=12 (full 2):
 PSYoungGen      total 430080K, used 2759K [0x00000000d7200000, 0x00000000f3000000, 0x0000000100000000)
  eden space 421888K, 0% used [0x00000000d7200000,0x00000000d7200000,0x00000000f0e00000)
  from space 8192K, 33% used [0x00000000f2800000,0x00000000f2ab1f48,0x00000000f3000000)
  to   space 17408K, 0% used [0x00000000f0e00000,0x00000000f0e00000,0x00000000f1f00000)
 ParOldGen       total 82432K, used 18915K [0x0000000085600000, 0x000000008a680000, 0x00000000d7200000)
  object space 82432K, 22% used [0x0000000085600000,0x0000000086878db0,0x000000008a680000)
 Metaspace       used 34542K, capacity 35974K, committed 36312K, reserved 1081344K
  class space    used 4393K, capacity 4698K, committed 4824K, reserved 1048576K
}
Event: 67,070 GC heap before
{Heap before GC invocations=13 (full 2):
 PSYoungGen      total 430080K, used 424647K [0x00000000d7200000, 0x00000000f3000000, 0x0000000100000000)
  eden space 421888K, 100% used [0x00000000d7200000,0x00000000f0e00000,0x00000000f0e00000)
  from space 8192K, 33% used [0x00000000f2800000,0x00000000f2ab1f48,0x00000000f3000000)
  to   space 17408K, 0% used [0x00000000f0e00000,0x00000000f0e00000,0x00000000f1f00000)
 ParOldGen       total 82432K, used 18915K [0x0000000085600000, 0x000000008a680000, 0x00000000d7200000)
  object space 82432K, 22% used [0x0000000085600000,0x0000000086878db0,0x000000008a680000)
 Metaspace       used 34543K, capacity 35974K, committed 36312K, reserved 1081344K
  class space    used 4393K, capacity 4698K, committed 4824K, reserved 1048576K
Event: 67,074 GC heap after
Heap after GC invocations=13 (full 2):
 PSYoungGen      total 439296K, used 3203K [0x00000000d7200000, 0x00000000f9a00000, 0x0000000100000000)
  eden space 421888K, 0% used [0x00000000d7200000,0x00000000d7200000,0x00000000f0e00000)
  from space 17408K, 18% used [0x00000000f0e00000,0x00000000f1120fe0,0x00000000f1f00000)
  to   space 16896K, 0% used [0x00000000f8980000,0x00000000f8980000,0x00000000f9a00000)
 ParOldGen       total 82432K, used 18915K [0x0000000085600000, 0x000000008a680000, 0x00000000d7200000)
  object space 82432K, 22% used [0x0000000085600000,0x0000000086878db0,0x000000008a680000)
 Metaspace       used 34543K, capacity 35974K, committed 36312K, reserved 1081344K
  class space    used 4393K, capacity 4698K, committed 4824K, reserved 1048576K
}
Event: 67,881 GC heap before
{Heap before GC invocations=14 (full 2):
 PSYoungGen      total 439296K, used 425091K [0x00000000d7200000, 0x00000000f9a00000, 0x0000000100000000)
  eden space 421888K, 100% used [0x00000000d7200000,0x00000000f0e00000,0x00000000f0e00000)
  from space 17408K, 18% used [0x00000000f0e00000,0x00000000f1120fe0,0x00000000f1f00000)
  to   space 16896K, 0% used [0x00000000f8980000,0x00000000f8980000,0x00000000f9a00000)
 ParOldGen       total 82432K, used 18915K [0x0000000085600000, 0x000000008a680000, 0x00000000d7200000)
  object space 82432K, 22% used [0x0000000085600000,0x0000000086878db0,0x000000008a680000)
 Metaspace       used 34543K, capacity 35974K, committed 36312K, reserved 1081344K
  class space    used 4393K, capacity 4698K, committed 4824K, reserved 1048576K
Event: 67,885 GC heap after
Heap after GC invocations=14 (full 2):
 PSYoungGen      total 525824K, used 3514K [0x00000000d7200000, 0x00000000f8e80000, 0x0000000100000000)
  eden space 520704K, 0% used [0x00000000d7200000,0x00000000d7200000,0x00000000f6e80000)
  from space 5120K, 68% used [0x00000000f8980000,0x00000000f8cee878,0x00000000f8e80000)
  to   space 16384K, 0% used [0x00000000f6e80000,0x00000000f6e80000,0x00000000f7e80000)
 ParOldGen       total 82432K, used 18915K [0x0000000085600000, 0x000000008a680000, 0x00000000d7200000)
  object space 82432K, 22% used [0x0000000085600000,0x0000000086878db0,0x000000008a680000)
 Metaspace       used 34543K, capacity 35974K, committed 36312K, reserved 1081344K
  class space    used 4393K, capacity 4698K, committed 4824K, reserved 1048576K
}
Event: 68,968 GC heap before
{Heap before GC invocations=15 (full 2):
 PSYoungGen      total 525824K, used 524218K [0x00000000d7200000, 0x00000000f8e80000, 0x0000000100000000)
  eden space 520704K, 100% used [0x00000000d7200000,0x00000000f6e80000,0x00000000f6e80000)
  from space 5120K, 68% used [0x00000000f8980000,0x00000000f8cee878,0x00000000f8e80000)
  to   space 16384K, 0% used [0x00000000f6e80000,0x00000000f6e80000,0x00000000f7e80000)
 ParOldGen       total 82432K, used 18915K [0x0000000085600000, 0x000000008a680000, 0x00000000d7200000)
  object space 82432K, 22% used [0x0000000085600000,0x0000000086878db0,0x000000008a680000)
 Metaspace       used 34543K, capacity 35974K, committed 36312K, reserved 1081344K
  class space    used 4393K, capacity 4698K, committed 4824K, reserved 1048576K

Deoptimization events (0 events):
No events

Classes redefined (0 events):
No events

Internal exceptions (10 events):
Event: 11,553 Thread 0x00007f9600bc7000 Exception <a 'java/lang/ClassNotFoundException': org/springframework/web/servlet/theme/AbstractThemeResolverCustomizer> (0x00000000d9136e90) thrown at [/build/openjdk-8-lHVHKD/openjdk-8-8u212-b03/src/hotspot/src/share/vm/classfile/systemDictionary.cpp, li
Event: 11,554 Thread 0x00007f9600bc7000 Exception <a 'java/lang/ClassNotFoundException': org/springframework/web/servlet/theme/FixedThemeResolverCustomizer> (0x00000000d9151588) thrown at [/build/openjdk-8-lHVHKD/openjdk-8-8u212-b03/src/hotspot/src/share/vm/classfile/systemDictionary.cpp, line 
Event: 11,555 Thread 0x00007f9600bc7000 Exception <a 'java/lang/ClassNotFoundException': org/springframework/web/servlet/ThemeResolverCustomizer> (0x00000000d9169640) thrown at [/build/openjdk-8-lHVHKD/openjdk-8-8u212-b03/src/hotspot/src/share/vm/classfile/systemDictionary.cpp, line 210]
Event: 11,558 Thread 0x00007f9600bc7000 Exception <a 'java/lang/ClassNotFoundException': java/lang/ObjectCustomizer> (0x00000000d918d8b8) thrown at [/build/openjdk-8-lHVHKD/openjdk-8-8u212-b03/src/hotspot/src/share/vm/classfile/systemDictionary.cpp, line 210]
Event: 11,558 Thread 0x00007f9600bc7000 Exception <a 'java/lang/ClassNotFoundException': org/springframework/web/servlet/view/DefaultRequestToViewNameTranslatorCustomizer> (0x00000000d91ab9b0) thrown at [/build/openjdk-8-lHVHKD/openjdk-8-8u212-b03/src/hotspot/src/share/vm/classfile/systemDictio
Event: 11,559 Thread 0x00007f9600bc7000 Exception <a 'java/lang/ClassNotFoundException': org/springframework/web/servlet/RequestToViewNameTranslatorCustomizer> (0x00000000d91d53a8) thrown at [/build/openjdk-8-lHVHKD/openjdk-8-8u212-b03/src/hotspot/src/share/vm/classfile/systemDictionary.cpp, li
Event: 11,563 Thread 0x00007f9600bc7000 Exception <a 'java/lang/ClassNotFoundException': java/lang/ObjectCustomizer> (0x00000000d921bc20) thrown at [/build/openjdk-8-lHVHKD/openjdk-8-8u212-b03/src/hotspot/src/share/vm/classfile/systemDictionary.cpp, line 210]
Event: 11,564 Thread 0x00007f9600bc7000 Exception <a 'java/lang/ClassNotFoundException': org/springframework/web/servlet/support/AbstractFlashMapManagerCustomizer> (0x00000000d9237fc8) thrown at [/build/openjdk-8-lHVHKD/openjdk-8-8u212-b03/src/hotspot/src/share/vm/classfile/systemDictionary.cpp
Event: 11,564 Thread 0x00007f9600bc7000 Exception <a 'java/lang/ClassNotFoundException': org/springframework/web/servlet/support/SessionFlashMapManagerCustomizer> (0x00000000d92581e0) thrown at [/build/openjdk-8-lHVHKD/openjdk-8-8u212-b03/src/hotspot/src/share/vm/classfile/systemDictionary.cpp,
Event: 11,565 Thread 0x00007f9600bc7000 Exception <a 'java/lang/ClassNotFoundException': org/springframework/web/servlet/FlashMapManagerCustomizer> (0x00000000d92700e8) thrown at [/build/openjdk-8-lHVHKD/openjdk-8-8u212-b03/src/hotspot/src/share/vm/classfile/systemDictionary.cpp, line 210]

Events (10 events):
Event: 65,798 Executing VM operation: ParallelGCFailedAllocation done
Event: 66,331 Executing VM operation: ParallelGCFailedAllocation
Event: 66,335 Executing VM operation: ParallelGCFailedAllocation done
Event: 66,975 Thread 0x00007f95a4003800 Thread exited: 0x00007f95a4003800
Event: 66,976 Thread 0x00007f95a4005000 Thread exited: 0x00007f95a4005000
Event: 67,070 Executing VM operation: ParallelGCFailedAllocation
Event: 67,074 Executing VM operation: ParallelGCFailedAllocation done
Event: 67,881 Executing VM operation: ParallelGCFailedAllocation
Event: 67,885 Executing VM operation: ParallelGCFailedAllocation done
Event: 68,968 Executing VM operation: ParallelGCFailedAllocation


Dynamic libraries:
00400000-00401000 r-xp 00000000 08:02 4327426                            /usr/lib/jvm/java-8-openjdk-amd64/jre/bin/java
00600000-00601000 r--p 00000000 08:02 4327426                            /usr/lib/jvm/java-8-openjdk-amd64/jre/bin/java
00601000-00602000 rw-p 00001000 08:02 4327426                            /usr/lib/jvm/java-8-openjdk-amd64/jre/bin/java
01217000-01238000 rw-p 00000000 00:00 0                                  [heap]
85600000-8a680000 rw-p 00000000 00:00 0 
8a680000-d7200000 ---p 00000000 00:00 0 
d7200000-f8e80000 rw-p 00000000 00:00 0 
100000000-1004b6000 rw-p 00000000 00:00 0 
1004b6000-140000000 ---p 00000000 00:00 0 
7f956a5a1000-7f956a661000 rw-p 00000000 00:00 0 
7f956a661000-7f956a7a1000 ---p 00000000 00:00 0 
7f956a7a1000-7f956a7b8000 r-xp 00000000 08:02 267181                     /lib/x86_64-linux-gnu/libresolv-2.23.so
7f956a7b8000-7f956a9b8000 ---p 00017000 08:02 267181                     /lib/x86_64-linux-gnu/libresolv-2.23.so
7f956a9b8000-7f956a9b9000 r--p 00017000 08:02 267181                     /lib/x86_64-linux-gnu/libresolv-2.23.so
7f956a9b9000-7f956a9ba000 rw-p 00018000 08:02 267181                     /lib/x86_64-linux-gnu/libresolv-2.23.so
7f956a9ba000-7f956a9bc000 rw-p 00000000 00:00 0 
7f956a9bc000-7f956a9c1000 r-xp 00000000 08:02 267126                     /lib/x86_64-linux-gnu/libnss_dns-2.23.so
7f956a9c1000-7f956abc1000 ---p 00005000 08:02 267126                     /lib/x86_64-linux-gnu/libnss_dns-2.23.so
7f956abc1000-7f956abc2000 r--p 00005000 08:02 267126                     /lib/x86_64-linux-gnu/libnss_dns-2.23.so
7f956abc2000-7f956abc3000 rw-p 00006000 08:02 267126                     /lib/x86_64-linux-gnu/libnss_dns-2.23.so
7f956abc3000-7f956abc5000 r-xp 00000000 08:02 267134                     /lib/x86_64-linux-gnu/libnss_mdns4_minimal.so.2
7f956abc5000-7f956adc4000 ---p 00002000 08:02 267134                     /lib/x86_64-linux-gnu/libnss_mdns4_minimal.so.2
7f956adc4000-7f956adc5000 r--p 00001000 08:02 267134                     /lib/x86_64-linux-gnu/libnss_mdns4_minimal.so.2
7f956adc5000-7f956adc6000 rw-p 00002000 08:02 267134                     /lib/x86_64-linux-gnu/libnss_mdns4_minimal.so.2
7f956adc6000-7f956afc6000 rw-p 00000000 00:00 0 
7f956afc6000-7f956afee000 r-xp 00000000 08:02 4465484                    /usr/lib/jvm/java-8-openjdk-amd64/jre/lib/amd64/libsunec.so
7f956afee000-7f956b1ed000 ---p 00028000 08:02 4465484                    /usr/lib/jvm/java-8-openjdk-amd64/jre/lib/amd64/libsunec.so
7f956b1ed000-7f956b1f1000 r--p 00027000 08:02 4465484                    /usr/lib/jvm/java-8-openjdk-amd64/jre/lib/amd64/libsunec.so
7f956b1f1000-7f956b1f2000 rw-p 0002b000 08:02 4465484                    /usr/lib/jvm/java-8-openjdk-amd64/jre/lib/amd64/libsunec.so
7f956b1f2000-7f956b1f5000 ---p 00000000 00:00 0 
7f956b1f5000-7f956b2f3000 rw-p 00000000 00:00 0 
7f956b2f3000-7f956b2f6000 ---p 00000000 00:00 0 
7f956b2f6000-7f956b3f4000 rw-p 00000000 00:00 0 
7f956b3f4000-7f956b3f7000 ---p 00000000 00:00 0 
7f956b3f7000-7f956b4f5000 rw-p 00000000 00:00 0 
7f956b4f5000-7f956b4f8000 ---p 00000000 00:00 0 
7f956b4f8000-7f956b5f6000 rw-p 00000000 00:00 0 
7f956b5f6000-7f956b5f9000 ---p 00000000 00:00 0 
7f956b5f9000-7f956b6f7000 rw-p 00000000 00:00 0 
7f956b6f7000-7f956b6fa000 ---p 00000000 00:00 0 
7f956b6fa000-7f956b7f8000 rw-p 00000000 00:00 0 
7f956b7f8000-7f956b7fb000 ---p 00000000 00:00 0 
7f956b7fb000-7f956b8f9000 rw-p 00000000 00:00 0 
7f956b8f9000-7f956b8fc000 ---p 00000000 00:00 0 
7f956b8fc000-7f956b9fa000 rw-p 00000000 00:00 0 
7f956b9fa000-7f956b9fd000 ---p 00000000 00:00 0 
7f956b9fd000-7f956bafb000 rw-p 00000000 00:00 0 
7f956bafb000-7f956bafe000 ---p 00000000 00:00 0 
7f956bafe000-7f956bbfc000 rw-p 00000000 00:00 0 
7f956bbfc000-7f956bbff000 ---p 00000000 00:00 0 
7f956bbff000-7f956bcfd000 rw-p 00000000 00:00 0 
7f956bcfd000-7f956bd00000 ---p 00000000 00:00 0 
7f956bd00000-7f956bdfe000 rw-p 00000000 00:00 0 
7f956bdfe000-7f956be01000 ---p 00000000 00:00 0 
7f956be01000-7f956beff000 rw-p 00000000 00:00 0 
7f956beff000-7f956bf02000 ---p 00000000 00:00 0 
7f956bf02000-7f956c000000 rw-p 00000000 00:00 0 
7f956c000000-7f956c021000 rw-p 00000000 00:00 0 
7f956c021000-7f9570000000 ---p 00000000 00:00 0 
7f9570000000-7f9570021000 rw-p 00000000 00:00 0 
7f9570021000-7f9574000000 ---p 00000000 00:00 0 
7f9574000000-7f9574021000 rw-p 00000000 00:00 0 
7f9574021000-7f9578000000 ---p 00000000 00:00 0 
7f9578000000-7f9578021000 rw-p 00000000 00:00 0 
7f9578021000-7f957c000000 ---p 00000000 00:00 0 
7f957c000000-7f957c021000 rw-p 00000000 00:00 0 
7f957c021000-7f9580000000 ---p 00000000 00:00 0 
7f9580000000-7f95801a1000 rw-p 00000000 00:00 0 
7f95801a1000-7f9584000000 ---p 00000000 00:00 0 
7f9584000000-7f9584021000 rw-p 00000000 00:00 0 
7f9584021000-7f9588000000 ---p 00000000 00:00 0 
7f9588000000-7f9588021000 rw-p 00000000 00:00 0 
7f9588021000-7f958c000000 ---p 00000000 00:00 0 
7f958c000000-7f958c021000 rw-p 00000000 00:00 0 
7f958c021000-7f9590000000 ---p 00000000 00:00 0 
7f9590000000-7f95900a8000 rw-p 00000000 00:00 0 
7f95900a8000-7f9594000000 ---p 00000000 00:00 0 
7f9594000000-7f9594430000 rw-p 00000000 00:00 0 
7f9594430000-7f9598000000 ---p 00000000 00:00 0 
7f9598000000-7f9598059000 rw-p 00000000 00:00 0 
7f9598059000-7f959c000000 ---p 00000000 00:00 0 
7f959c000000-7f959c021000 rw-p 00000000 00:00 0 
7f959c021000-7f95a0000000 ---p 00000000 00:00 0 
7f95a0000000-7f95a0021000 rw-p 00000000 00:00 0 
7f95a0021000-7f95a4000000 ---p 00000000 00:00 0 
7f95a4000000-7f95a4021000 rw-p 00000000 00:00 0 
7f95a4021000-7f95a8000000 ---p 00000000 00:00 0 
7f95a80f8000-7f95a80fb000 ---p 00000000 00:00 0 
7f95a80fb000-7f95a81f9000 rw-p 00000000 00:00 0 
7f95a81f9000-7f95a81fc000 ---p 00000000 00:00 0 
7f95a81fc000-7f95a82fa000 rw-p 00000000 00:00 0 
7f95a82fa000-7f95a82fd000 ---p 00000000 00:00 0 
7f95a82fd000-7f95a83fb000 rw-p 00000000 00:00 0 
7f95a83fb000-7f95a83fe000 ---p 00000000 00:00 0 
7f95a83fe000-7f95a84fc000 rw-p 00000000 00:00 0 
7f95a84fc000-7f95a84ff000 ---p 00000000 00:00 0 
7f95a84ff000-7f95a87fd000 rw-p 00000000 00:00 0 
7f95a87fd000-7f95a8800000 ---p 00000000 00:00 0 
7f95a8800000-7f95a88fe000 rw-p 00000000 00:00 0 
7f95a88fe000-7f95a8901000 ---p 00000000 00:00 0 
7f95a8901000-7f95a8bff000 rw-p 00000000 00:00 0 
7f95a8bff000-7f95a8dff000 rw-p 00000000 00:00 0 
7f95a8dff000-7f95a8fff000 rw-p 00000000 00:00 0 
7f95a8fff000-7f95ac000000 rw-p 00000000 00:00 0 
7f95ac000000-7f95ac6b5000 rw-p 00000000 00:00 0 
7f95ac6b5000-7f95b0000000 ---p 00000000 00:00 0 
7f95b0000000-7f95b0021000 rw-p 00000000 00:00 0 
7f95b0021000-7f95b4000000 ---p 00000000 00:00 0 
7f95b4000000-7f95b4056000 rw-p 00000000 00:00 0 
7f95b4056000-7f95b8000000 ---p 00000000 00:00 0 
7f95b8000000-7f95b8021000 rw-p 00000000 00:00 0 
7f95b8021000-7f95bc000000 ---p 00000000 00:00 0 
7f95bc000000-7f95bc021000 rw-p 00000000 00:00 0 
7f95bc021000-7f95c0000000 ---p 00000000 00:00 0 
7f95c0000000-7f95c0110000 rw-p 00000000 00:00 0 
7f95c0110000-7f95c4000000 ---p 00000000 00:00 0 
7f95c4000000-7f95c4021000 rw-p 00000000 00:00 0 
7f95c4021000-7f95c8000000 ---p 00000000 00:00 0 
7f95c8000000-7f95c80c7000 rw-p 00000000 00:00 0 
7f95c80c7000-7f95cc000000 ---p 00000000 00:00 0 
7f95cc000000-7f95cc021000 rw-p 00000000 00:00 0 
7f95cc021000-7f95d0000000 ---p 00000000 00:00 0 
7f95d0000000-7f95d0021000 rw-p 00000000 00:00 0 
7f95d0021000-7f95d4000000 ---p 00000000 00:00 0 
7f95d4000000-7f95d4021000 rw-p 00000000 00:00 0 
7f95d4021000-7f95d8000000 ---p 00000000 00:00 0 
7f95d8000000-7f95d8021000 rw-p 00000000 00:00 0 
7f95d8021000-7f95dc000000 ---p 00000000 00:00 0 
7f95dc0be000-7f95dc0c1000 ---p 00000000 00:00 0 
7f95dc0c1000-7f95dc1bf000 rw-p 00000000 00:00 0 
7f95dc1bf000-7f95dc1c4000 r--s 002f9000 08:02 4327970                    /usr/lib/jvm/java-8-openjdk-amd64/jre/lib/charsets.jar
7f95dc1c4000-7f95dc3c4000 rw-p 00000000 00:00 0 
7f95dc3c4000-7f95dc5c4000 rw-p 00000000 00:00 0 
7f95dc5c4000-7f95dc7c4000 rw-p 00000000 00:00 0 
7f95dc7c4000-7f95dc9c4000 rw-p 00000000 00:00 0 
7f95dc9c4000-7f95dc9c7000 ---p 00000000 00:00 0 
7f95dc9c7000-7f95dcac5000 rw-p 00000000 00:00 0 
7f95dcac5000-7f95dcac8000 ---p 00000000 00:00 0 
7f95dcac8000-7f95dcdc6000 rw-p 00000000 00:00 0 
7f95dcdc6000-7f95dcdc9000 ---p 00000000 00:00 0 
7f95dcdc9000-7f95dcec7000 rw-p 00000000 00:00 0 
7f95dcec7000-7f95dceca000 ---p 00000000 00:00 0 
7f95dceca000-7f95dd1c8000 rw-p 00000000 00:00 0 
7f95dd1c8000-7f95dd1cb000 ---p 00000000 00:00 0 
7f95dd1cb000-7f95dd2c9000 rw-p 00000000 00:00 0 
7f95dd2c9000-7f95dd2ca000 ---p 00000000 00:00 0 
7f95dd2ca000-7f95dd3ca000 rw-p 00000000 00:00 0 
7f95dd3ca000-7f95dd3cd000 ---p 00000000 00:00 0 
7f95dd3cd000-7f95dd4cb000 rw-p 00000000 00:00 0 
7f95dd4cb000-7f95dd4cf000 r--s 000a1000 08:02 4327969                    /usr/lib/jvm/java-8-openjdk-amd64/jre/lib/jsse.jar
7f95dd4cf000-7f95dd4e0000 r-xp 00000000 08:02 4465459                    /usr/lib/jvm/java-8-openjdk-amd64/jre/lib/amd64/libnio.so
7f95dd4e0000-7f95dd6df000 ---p 00011000 08:02 4465459                    /usr/lib/jvm/java-8-openjdk-amd64/jre/lib/amd64/libnio.so
7f95dd6df000-7f95dd6e0000 r--p 00010000 08:02 4465459                    /usr/lib/jvm/java-8-openjdk-amd64/jre/lib/amd64/libnio.so
7f95dd6e0000-7f95dd6e1000 rw-p 00011000 08:02 4465459                    /usr/lib/jvm/java-8-openjdk-amd64/jre/lib/amd64/libnio.so
7f95dd6e1000-7f95dd6ea000 r-xp 00000000 08:02 4465463                    /usr/lib/jvm/java-8-openjdk-amd64/jre/lib/amd64/libmanagement.so
7f95dd6ea000-7f95dd8e9000 ---p 00009000 08:02 4465463                    /usr/lib/jvm/java-8-openjdk-amd64/jre/lib/amd64/libmanagement.so
7f95dd8e9000-7f95dd8ea000 r--p 00008000 08:02 4465463                    /usr/lib/jvm/java-8-openjdk-amd64/jre/lib/amd64/libmanagement.so
7f95dd8ea000-7f95dd8eb000 rw-p 00009000 08:02 4465463                    /usr/lib/jvm/java-8-openjdk-amd64/jre/lib/amd64/libmanagement.so
7f95dd8eb000-7f95dd901000 r-xp 00000000 08:02 4465483                    /usr/lib/jvm/java-8-openjdk-amd64/jre/lib/amd64/libnet.so
7f95dd901000-7f95ddb01000 ---p 00016000 08:02 4465483                    /usr/lib/jvm/java-8-openjdk-amd64/jre/lib/amd64/libnet.so
7f95ddb01000-7f95ddb02000 r--p 00016000 08:02 4465483                    /usr/lib/jvm/java-8-openjdk-amd64/jre/lib/amd64/libnet.so
7f95ddb02000-7f95ddb03000 rw-p 00017000 08:02 4465483                    /usr/lib/jvm/java-8-openjdk-amd64/jre/lib/amd64/libnet.so
7f95ddb03000-7f95ddb06000 ---p 00000000 00:00 0 
7f95ddb06000-7f95ddc04000 rw-p 00000000 00:00 0 
7f95ddc04000-7f95ddc07000 ---p 00000000 00:00 0 
7f95ddc07000-7f95ddd05000 rw-p 00000000 00:00 0 
7f95ddd05000-7f95ddd08000 ---p 00000000 00:00 0 
7f95ddd08000-7f95dde06000 rw-p 00000000 00:00 0 
7f95dde06000-7f95dde09000 ---p 00000000 00:00 0 
7f95dde09000-7f95ddf07000 rw-p 00000000 00:00 0 
7f95ddf07000-7f95ddf09000 r--s 00001000 07:01 439                        /snap/intellij-idea-ultimate/148/lib/rt/debugger-agent-storage.jar
7f95ddf09000-7f95ddf0b000 r--s 00016000 08:02 4327975                    /usr/lib/jvm/java-8-openjdk-amd64/jre/lib/jce.jar
7f95ddf0b000-7f95ddf12000 r--s 00066000 07:01 440                        /snap/intellij-idea-ultimate/148/lib/rt/debugger-agent.jar
7f95ddf12000-7f95ddf14000 r--s 0001b000 07:01 319                        /snap/intellij-idea-ultimate/148/lib/idea_rt.jar
7f95ddf14000-7f95ddf15000 r--s 00009000 08:02 3410482                    /home/bach/.m2/repository/org/thymeleaf/extras/thymeleaf-extras-java8time/3.0.1.RELEASE/thymeleaf-extras-java8time-3.0.1.RELEASE.jar
7f95ddf15000-7f95ddf18000 r--s 00026000 08:02 3410454                    /home/bach/.m2/repository/org/unbescape/unbescape/1.1.5.RELEASE/unbescape-1.1.5.RELEASE.jar
7f95ddf18000-7f95ddf1c000 r--s 00035000 08:02 3410493                    /home/bach/.m2/repository/org/attoparser/attoparser/2.0.4.RELEASE/attoparser-2.0.4.RELEASE.jar
7f95ddf1c000-7f95ddf2c000 r--s 000c5000 08:02 3410489                    /home/bach/.m2/repository/org/thymeleaf/thymeleaf/3.0.9.RELEASE/thymeleaf-3.0.9.RELEASE.jar
7f95ddf2c000-7f95ddf30000 r--s 00027000 08:02 3410487                    /home/bach/.m2/repository/org/thymeleaf/thymeleaf-spring5/3.0.9.RELEASE/thymeleaf-spring5-3.0.9.RELEASE.jar
7f95ddf30000-7f95ddf31000 r--s 00000000 08:02 3410395                    /home/bach/.m2/repository/org/springframework/boot/spring-boot-starter-thymeleaf/2.1.3.RELEASE/spring-boot-starter-thymeleaf-2.1.3.RELEASE.jar
7f95ddf31000-7f95ddf32000 r--s 00003000 08:02 3410403                    /home/bach/.m2/repository/org/springframework/spring-jcl/5.0.4.RELEASE/spring-jcl-5.0.4.RELEASE.jar
7f95ddf32000-7f95ddf49000 r--s 00112000 08:02 3410392                    /home/bach/.m2/repository/org/springframework/spring-core/5.0.4.RELEASE/spring-core-5.0.4.RELEASE.jar
7f95ddf49000-7f95ddf4b000 r--s 00009000 08:02 3410495                    /home/bach/.m2/repository/org/slf4j/slf4j-api/1.7.25/slf4j-api-1.7.25.jar
7f95ddf4b000-7f95ddf50000 r--s 0003c000 08:02 3410391                    /home/bach/.m2/repository/org/springframework/spring-expression/5.0.4.RELEASE/spring-expression-5.0.4.RELEASE.jar
7f95ddf50000-7f95ddf6a000 r--s 000ee000 08:02 3410416                    /home/bach/.m2/repository/org/springframework/spring-context/5.0.4.RELEASE/spring-context-5.0.4.RELEASE.jar
7f95ddf6a000-7f95ddf79000 r--s 000b0000 08:02 3410399                    /home/bach/.m2/repository/org/springframework/spring-webmvc/5.0.4.RELEASE/spring-webmvc-5.0.4.RELEASE.jar
7f95ddf79000-7f95ddf85000 r--s 00094000 08:02 3410388                    /home/bach/.m2/repository/org/springframework/spring-beans/5.0.4.RELEASE/spring-beans-5.0.4.RELEASE.jar
7f95ddf85000-7f95ddf9f000 r--s 00116000 08:02 3410415                    /home/bach/.m2/repository/org/springframework/spring-web/5.0.4.RELEASE/spring-web-5.0.4.RELEASE.jar
7f95ddf9f000-7f95ddfbb000 r--s 000f5000 08:02 3410478                    /home/bach/.m2/repository/org/hibernate/validator/hibernate-validator/6.0.7.Final/hibernate-validator-6.0.7.Final.jar
7f95ddfbb000-7f95ddfe5000 r--s 002ce000 08:02 3410474                    /home/bach/.m2/repository/org/apache/tomcat/embed/tomcat-embed-core/8.5.28/tomcat-embed-core-8.5.28.jar
7f95ddfe5000-7f95ddfe8000 ---p 00000000 00:00 0 
7f95ddfe8000-7f95de0e6000 rw-p 00000000 00:00 0 
7f95de0e6000-7f95de0e9000 ---p 00000000 00:00 0 
7f95de0e9000-7f95de1e7000 rw-p 00000000 00:00 0 
7f95de1e7000-7f95de1ea000 ---p 00000000 00:00 0 
7f95de1ea000-7f95de2e8000 rw-p 00000000 00:00 0 
7f95de2e8000-7f95de2ec000 r-xp 00000000 08:02 4465468                    /usr/lib/jvm/java-8-openjdk-amd64/jre/lib/amd64/libdt_socket.so
7f95de2ec000-7f95de4eb000 ---p 00004000 08:02 4465468                    /usr/lib/jvm/java-8-openjdk-amd64/jre/lib/amd64/libdt_socket.so
7f95de4eb000-7f95de4ec000 r--p 00003000 08:02 4465468                    /usr/lib/jvm/java-8-openjdk-amd64/jre/lib/amd64/libdt_socket.so
7f95de4ec000-7f95de4ed000 rw-p 00004000 08:02 4465468                    /usr/lib/jvm/java-8-openjdk-amd64/jre/lib/amd64/libdt_socket.so
7f95de4ed000-7f95de4f0000 ---p 00000000 00:00 0 
7f95de4f0000-7f95de5ee000 rw-p 00000000 00:00 0 
7f95de5ee000-7f95de5f1000 ---p 00000000 00:00 0 
7f95de5f1000-7f95de6ef000 rw-p 00000000 00:00 0 
7f95de6ef000-7f95de6f2000 ---p 00000000 00:00 0 
7f95de6f2000-7f95de7f0000 rw-p 00000000 00:00 0 
7f95de7f0000-7f95de7f1000 ---p 00000000 00:00 0 
7f95de7f1000-7f95e0000000 rw-p 00000000 00:00 0 
7f95e0000000-7f95e0021000 rw-p 00000000 00:00 0 
7f95e0021000-7f95e4000000 ---p 00000000 00:00 0 
7f95e4000000-7f95e4021000 rw-p 00000000 00:00 0 
7f95e4021000-7f95e8000000 ---p 00000000 00:00 0 
7f95e8000000-7f95e8023000 rw-p 00000000 00:00 0 
7f95e8023000-7f95ec000000 ---p 00000000 00:00 0 
7f95ec000000-7f95ec009000 r--s 0004f000 08:02 3410417                    /home/bach/.m2/repository/org/springframework/spring-aop/5.0.4.RELEASE/spring-aop-5.0.4.RELEASE.jar
7f95ec009000-7f95ec00b000 r--s 0000e000 08:02 3410479                    /home/bach/.m2/repository/com/fasterxml/classmate/1.3.4/classmate-1.3.4.jar
7f95ec00b000-7f95ec00d000 r--s 0000f000 08:02 3408996                    /home/bach/.m2/repository/org/jboss/logging/jboss-logging/3.3.2.Final/jboss-logging-3.3.2.Final.jar
7f95ec00d000-7f95ec012000 r--s 00012000 08:02 3409006                    /home/bach/.m2/repository/javax/validation/validation-api/2.0.1.Final/validation-api-2.0.1.Final.jar
7f95ec012000-7f95ec017000 r--s 0003a000 08:02 3410460                    /home/bach/.m2/repository/org/apache/tomcat/embed/tomcat-embed-websocket/8.5.28/tomcat-embed-websocket-8.5.28.jar
7f95ec017000-7f95ec01b000 r--s 00037000 08:02 3410467                    /home/bach/.m2/repository/org/apache/tomcat/embed/tomcat-embed-el/8.5.28/tomcat-embed-el-8.5.28.jar
7f95ec01b000-7f95ec01c000 r--s 00000000 08:02 3410409                    /home/bach/.m2/repository/org/springframework/boot/spring-boot-starter-tomcat/2.0.0.RELEASE/spring-boot-starter-tomcat-2.0.0.RELEASE.jar
7f95ec01c000-7f95ec01e000 r--s 00001000 08:02 3410471                    /home/bach/.m2/repository/com/fasterxml/jackson/module/jackson-module-parameter-names/2.9.4/jackson-module-parameter-names-2.9.4.jar
7f95ec01e000-7f95ec020000 r--s 00016000 08:02 3410465                    /home/bach/.m2/repository/com/fasterxml/jackson/datatype/jackson-datatype-jsr310/2.9.4/jackson-datatype-jsr310-2.9.4.jar
7f95ec020000-7f95ec022000 r--s 00007000 08:02 3410463                    /home/bach/.m2/repository/com/fasterxml/jackson/datatype/jackson-datatype-jdk8/2.9.4/jackson-datatype-jdk8-2.9.4.jar
7f95ec022000-7f95ec026000 r--s 0004b000 08:02 3410466                    /home/bach/.m2/repository/com/fasterxml/jackson/core/jackson-core/2.9.4/jackson-core-2.9.4.jar
7f95ec026000-7f95ec029000 r--s 0000e000 08:02 3408990                    /home/bach/.m2/repository/com/fasterxml/jackson/core/jackson-annotations/2.9.0/jackson-annotations-2.9.0.jar
7f95ec029000-7f95ec03c000 r--s 00136000 08:02 3410472                    /home/bach/.m2/repository/com/fasterxml/jackson/core/jackson-databind/2.9.4/jackson-databind-2.9.4.jar
7f95ec03c000-7f95ec03d000 r--s 00000000 08:02 3410405                    /home/bach/.m2/repository/org/springframework/boot/spring-boot-starter-json/2.0.0.RELEASE/spring-boot-starter-json-2.0.0.RELEASE.jar
7f95ec03d000-7f95ec044000 r--s 00042000 08:02 3410450                    /home/bach/.m2/repository/org/yaml/snakeyaml/1.19/snakeyaml-1.19.jar
7f95ec044000-7f95ec046000 r--s 00005000 08:02 3279603                    /home/bach/.m2/repository/javax/annotation/javax.annotation-api/1.3.2/javax.annotation-api-1.3.2.jar
7f95ec046000-7f95ec048000 r--s 00000000 08:02 3410455                    /home/bach/.m2/repository/org/slf4j/jul-to-slf4j/1.7.25/jul-to-slf4j-1.7.25.jar
7f95ec048000-7f95ec04e000 r--s 00039000 08:02 3410453                    /home/bach/.m2/repository/org/apache/logging/log4j/log4j-api/2.10.0/log4j-api-2.10.0.jar
7f95ec04e000-7f95ec050000 r--s 00003000 08:02 3410451                    /home/bach/.m2/repository/org/apache/logging/log4j/log4j-to-slf4j/2.10.0/log4j-to-slf4j-2.10.0.jar
7f95ec050000-7f95ec05b000 r--s 00069000 08:02 3279594                    /home/bach/.m2/repository/ch/qos/logback/logback-core/1.2.3/logback-core-1.2.3.jar
7f95ec05b000-7f95ec061000 r--s 00041000 08:02 3279582                    /home/bach/.m2/repository/ch/qos/logback/logback-classic/1.2.3/logback-classic-1.2.3.jar
7f95ec061000-7f95ec062000 r--s 00000000 08:02 3410397                    /home/bach/.m2/repository/org/springframework/boot/spring-boot-starter-logging/2.0.0.RELEASE/spring-boot-starter-logging-2.0.0.RELEASE.jar
7f95ec062000-7f95ec082000 r--s 000f8000 08:02 3410408                    /home/bach/.m2/repository/org/springframework/boot/spring-boot-autoconfigure/2.0.0.RELEASE/spring-boot-autoconfigure-2.0.0.RELEASE.jar
7f95ec082000-7f95ec097000 r--s 000cd000 08:02 3410422                    /home/bach/.m2/repository/org/springframework/boot/spring-boot/2.0.0.RELEASE/spring-boot-2.0.0.RELEASE.jar
7f95ec097000-7f95ec098000 r--s 00000000 08:02 3281511                    /home/bach/.m2/repository/org/springframework/boot/spring-boot-starter/2.0.0.RELEASE/spring-boot-starter-2.0.0.RELEASE.jar
7f95ec098000-7f95ec0ab000 r--s 00346000 08:02 4327946                    /usr/lib/jvm/java-8-openjdk-amd64/jre/lib/resources.jar
7f95ec0ab000-7f95ec0b0000 r--s 002f9000 08:02 4327970                    /usr/lib/jvm/java-8-openjdk-amd64/jre/lib/charsets.jar
7f95ec0b0000-7f95ec0cb000 r--s 00394000 08:02 5130649                    /usr/lib/jvm/java-8-openjdk-amd64/jre/lib/ext/cldrdata.jar
7f95ec0cb000-7f95ec0e6000 r--s 001d6000 08:02 5130650                    /usr/lib/jvm/java-8-openjdk-amd64/jre/lib/ext/nashorn.jar
7f95ec0e6000-7f95ec2b5000 r--s 03c3b000 08:02 4327944                    /usr/lib/jvm/java-8-openjdk-amd64/jre/lib/rt.jar
7f95ec2b5000-7f95f03da000 rw-p 00000000 00:00 0 
7f95f03da000-7f95f03db000 ---p 00000000 00:00 0 
7f95f03db000-7f95f04db000 rw-p 00000000 00:00 0 
7f95f04db000-7f95f04dc000 ---p 00000000 00:00 0 
7f95f04dc000-7f95f0605000 rw-p 00000000 00:00 0 
7f95f0605000-7f95f086a000 ---p 00000000 00:00 0 
7f95f086a000-7f95f0893000 rw-p 00000000 00:00 0 
7f95f0893000-7f95f0af8000 ---p 00000000 00:00 0 
7f95f0af8000-7f95f0c07000 rw-p 00000000 00:00 0 
7f95f0c07000-7f95f0c3f000 ---p 00000000 00:00 0 
7f95f0c3f000-7f95f0c5f000 rw-p 00000000 00:00 0 
7f95f0c5f000-7f95f1000000 ---p 00000000 00:00 0 
7f95f1000000-7f95f1790000 rwxp 00000000 00:00 0 
7f95f1790000-7f9600000000 ---p 00000000 00:00 0 
7f9600000000-7f9600c1b000 rw-p 00000000 00:00 0 
7f9600c1b000-7f9604000000 ---p 00000000 00:00 0 
7f9604000000-7f9604004000 r--s 000a1000 08:02 4327969                    /usr/lib/jvm/java-8-openjdk-amd64/jre/lib/jsse.jar
7f9604004000-7f960407a000 rw-p 00000000 00:00 0 
7f960407a000-7f960407b000 ---p 00000000 00:00 0 
7f960407b000-7f960417b000 rw-p 00000000 00:00 0 
7f960417b000-7f960417c000 ---p 00000000 00:00 0 
7f960417c000-7f960427c000 rw-p 00000000 00:00 0 
7f960427c000-7f9604284000 r-xp 00000000 08:02 4465488                    /usr/lib/jvm/java-8-openjdk-amd64/jre/lib/amd64/libzip.so
7f9604284000-7f9604483000 ---p 00008000 08:02 4465488                    /usr/lib/jvm/java-8-openjdk-amd64/jre/lib/amd64/libzip.so
7f9604483000-7f9604484000 r--p 00007000 08:02 4465488                    /usr/lib/jvm/java-8-openjdk-amd64/jre/lib/amd64/libzip.so
7f9604484000-7f9604485000 rw-p 00008000 08:02 4465488                    /usr/lib/jvm/java-8-openjdk-amd64/jre/lib/amd64/libzip.so
7f9604485000-7f9604490000 r-xp 00000000 08:02 267128                     /lib/x86_64-linux-gnu/libnss_files-2.23.so
7f9604490000-7f960468f000 ---p 0000b000 08:02 267128                     /lib/x86_64-linux-gnu/libnss_files-2.23.so
7f960468f000-7f9604690000 r--p 0000a000 08:02 267128                     /lib/x86_64-linux-gnu/libnss_files-2.23.so
7f9604690000-7f9604691000 rw-p 0000b000 08:02 267128                     /lib/x86_64-linux-gnu/libnss_files-2.23.so
7f9604691000-7f9604697000 rw-p 00000000 00:00 0 
7f9604697000-7f96046a2000 r-xp 00000000 08:02 267138                     /lib/x86_64-linux-gnu/libnss_nis-2.23.so
7f96046a2000-7f96048a1000 ---p 0000b000 08:02 267138                     /lib/x86_64-linux-gnu/libnss_nis-2.23.so
7f96048a1000-7f96048a2000 r--p 0000a000 08:02 267138                     /lib/x86_64-linux-gnu/libnss_nis-2.23.so
7f96048a2000-7f96048a3000 rw-p 0000b000 08:02 267138                     /lib/x86_64-linux-gnu/libnss_nis-2.23.so
7f96048a3000-7f96048b9000 r-xp 00000000 08:02 267122                     /lib/x86_64-linux-gnu/libnsl-2.23.so
7f96048b9000-7f9604ab8000 ---p 00016000 08:02 267122                     /lib/x86_64-linux-gnu/libnsl-2.23.so
7f9604ab8000-7f9604ab9000 r--p 00015000 08:02 267122                     /lib/x86_64-linux-gnu/libnsl-2.23.so
7f9604ab9000-7f9604aba000 rw-p 00016000 08:02 267122                     /lib/x86_64-linux-gnu/libnsl-2.23.so
7f9604aba000-7f9604abc000 rw-p 00000000 00:00 0 
7f9604abc000-7f9604ac4000 r-xp 00000000 08:02 267124                     /lib/x86_64-linux-gnu/libnss_compat-2.23.so
7f9604ac4000-7f9604cc3000 ---p 00008000 08:02 267124                     /lib/x86_64-linux-gnu/libnss_compat-2.23.so
7f9604cc3000-7f9604cc4000 r--p 00007000 08:02 267124                     /lib/x86_64-linux-gnu/libnss_compat-2.23.so
7f9604cc4000-7f9604cc5000 rw-p 00008000 08:02 267124                     /lib/x86_64-linux-gnu/libnss_compat-2.23.so
7f9604cc5000-7f9604ccf000 r-xp 00000000 08:02 4465465                    /usr/lib/jvm/java-8-openjdk-amd64/jre/lib/amd64/libinstrument.so
7f9604ccf000-7f9604ece000 ---p 0000a000 08:02 4465465                    /usr/lib/jvm/java-8-openjdk-amd64/jre/lib/amd64/libinstrument.so
7f9604ece000-7f9604ecf000 r--p 00009000 08:02 4465465                    /usr/lib/jvm/java-8-openjdk-amd64/jre/lib/amd64/libinstrument.so
7f9604ecf000-7f9604ed0000 rw-p 0000a000 08:02 4465465                    /usr/lib/jvm/java-8-openjdk-amd64/jre/lib/amd64/libinstrument.so
7f9604ed0000-7f9605a0d000 r--p 00000000 08:02 3677432                    /usr/lib/locale/locale-archive
7f9605a0d000-7f9605a0f000 r-xp 00000000 08:02 4465470                    /usr/lib/jvm/java-8-openjdk-amd64/jre/lib/amd64/libnpt.so
7f9605a0f000-7f9605c0f000 ---p 00002000 08:02 4465470                    /usr/lib/jvm/java-8-openjdk-amd64/jre/lib/amd64/libnpt.so
7f9605c0f000-7f9605c10000 r--p 00002000 08:02 4465470                    /usr/lib/jvm/java-8-openjdk-amd64/jre/lib/amd64/libnpt.so
7f9605c10000-7f9605c11000 rw-p 00003000 08:02 4465470                    /usr/lib/jvm/java-8-openjdk-amd64/jre/lib/amd64/libnpt.so
7f9605c11000-7f9605c4b000 r-xp 00000000 08:02 4465480                    /usr/lib/jvm/java-8-openjdk-amd64/jre/lib/amd64/libjdwp.so
7f9605c4b000-7f9605e4b000 ---p 0003a000 08:02 4465480                    /usr/lib/jvm/java-8-openjdk-amd64/jre/lib/amd64/libjdwp.so
7f9605e4b000-7f9605e4c000 r--p 0003a000 08:02 4465480                    /usr/lib/jvm/java-8-openjdk-amd64/jre/lib/amd64/libjdwp.so
7f9605e4c000-7f9605e4d000 rw-p 0003b000 08:02 4465480                    /usr/lib/jvm/java-8-openjdk-amd64/jre/lib/amd64/libjdwp.so
7f9605e4d000-7f9605e79000 r-xp 00000000 08:02 4465471                    /usr/lib/jvm/java-8-openjdk-amd64/jre/lib/amd64/libjava.so
7f9605e79000-7f9606078000 ---p 0002c000 08:02 4465471                    /usr/lib/jvm/java-8-openjdk-amd64/jre/lib/amd64/libjava.so
7f9606078000-7f9606079000 r--p 0002b000 08:02 4465471                    /usr/lib/jvm/java-8-openjdk-amd64/jre/lib/amd64/libjava.so
7f9606079000-7f960607b000 rw-p 0002c000 08:02 4465471                    /usr/lib/jvm/java-8-openjdk-amd64/jre/lib/amd64/libjava.so
7f960607b000-7f960608a000 r-xp 00000000 08:02 4465462                    /usr/lib/jvm/java-8-openjdk-amd64/jre/lib/amd64/libverify.so
7f960608a000-7f9606289000 ---p 0000f000 08:02 4465462                    /usr/lib/jvm/java-8-openjdk-amd64/jre/lib/amd64/libverify.so
7f9606289000-7f960628b000 r--p 0000e000 08:02 4465462                    /usr/lib/jvm/java-8-openjdk-amd64/jre/lib/amd64/libverify.so
7f960628b000-7f960628c000 rw-p 00010000 08:02 4465462                    /usr/lib/jvm/java-8-openjdk-amd64/jre/lib/amd64/libverify.so
7f960628c000-7f9606293000 r-xp 00000000 08:02 267183                     /lib/x86_64-linux-gnu/librt-2.23.so
7f9606293000-7f9606492000 ---p 00007000 08:02 267183                     /lib/x86_64-linux-gnu/librt-2.23.so
7f9606492000-7f9606493000 r--p 00006000 08:02 267183                     /lib/x86_64-linux-gnu/librt-2.23.so
7f9606493000-7f9606494000 rw-p 00007000 08:02 267183                     /lib/x86_64-linux-gnu/librt-2.23.so
7f9606494000-7f96064aa000 r-xp 00000000 08:02 267067                     /lib/x86_64-linux-gnu/libgcc_s.so.1
7f96064aa000-7f96066a9000 ---p 00016000 08:02 267067                     /lib/x86_64-linux-gnu/libgcc_s.so.1
7f96066a9000-7f96066aa000 rw-p 00015000 08:02 267067                     /lib/x86_64-linux-gnu/libgcc_s.so.1
7f96066aa000-7f96067b2000 r-xp 00000000 08:02 267099                     /lib/x86_64-linux-gnu/libm-2.23.so
7f96067b2000-7f96069b1000 ---p 00108000 08:02 267099                     /lib/x86_64-linux-gnu/libm-2.23.so
7f96069b1000-7f96069b2000 r--p 00107000 08:02 267099                     /lib/x86_64-linux-gnu/libm-2.23.so
7f96069b2000-7f96069b3000 rw-p 00108000 08:02 267099                     /lib/x86_64-linux-gnu/libm-2.23.so
7f96069b3000-7f9606b25000 r-xp 00000000 08:02 3679646                    /usr/lib/x86_64-linux-gnu/libstdc++.so.6.0.21
7f9606b25000-7f9606d25000 ---p 00172000 08:02 3679646                    /usr/lib/x86_64-linux-gnu/libstdc++.so.6.0.21
7f9606d25000-7f9606d2f000 r--p 00172000 08:02 3679646                    /usr/lib/x86_64-linux-gnu/libstdc++.so.6.0.21
7f9606d2f000-7f9606d31000 rw-p 0017c000 08:02 3679646                    /usr/lib/x86_64-linux-gnu/libstdc++.so.6.0.21
7f9606d31000-7f9606d35000 rw-p 00000000 00:00 0 
7f9606d35000-7f9607999000 r-xp 00000000 08:02 4593153                    /usr/lib/jvm/java-8-openjdk-amd64/jre/lib/amd64/server/libjvm.so
7f9607999000-7f9607b98000 ---p 00c64000 08:02 4593153                    /usr/lib/jvm/java-8-openjdk-amd64/jre/lib/amd64/server/libjvm.so
7f9607b98000-7f9607c2c000 r--p 00c63000 08:02 4593153                    /usr/lib/jvm/java-8-openjdk-amd64/jre/lib/amd64/server/libjvm.so
7f9607c2c000-7f9607c55000 rw-p 00cf7000 08:02 4593153                    /usr/lib/jvm/java-8-openjdk-amd64/jre/lib/amd64/server/libjvm.so
7f9607c55000-7f9607c85000 rw-p 00000000 00:00 0 
7f9607c85000-7f9607c9d000 r-xp 00000000 08:02 267175                     /lib/x86_64-linux-gnu/libpthread-2.23.so
7f9607c9d000-7f9607e9c000 ---p 00018000 08:02 267175                     /lib/x86_64-linux-gnu/libpthread-2.23.so
7f9607e9c000-7f9607e9d000 r--p 00017000 08:02 267175                     /lib/x86_64-linux-gnu/libpthread-2.23.so
7f9607e9d000-7f9607e9e000 rw-p 00018000 08:02 267175                     /lib/x86_64-linux-gnu/libpthread-2.23.so
7f9607e9e000-7f9607ea2000 rw-p 00000000 00:00 0 
7f9607ea2000-7f9607ea5000 r-xp 00000000 08:02 267053                     /lib/x86_64-linux-gnu/libdl-2.23.so
7f9607ea5000-7f96080a4000 ---p 00003000 08:02 267053                     /lib/x86_64-linux-gnu/libdl-2.23.so
7f96080a4000-7f96080a5000 r--p 00002000 08:02 267053                     /lib/x86_64-linux-gnu/libdl-2.23.so
7f96080a5000-7f96080a6000 rw-p 00003000 08:02 267053                     /lib/x86_64-linux-gnu/libdl-2.23.so
7f96080a6000-7f96080bf000 r-xp 00000000 08:02 267220                     /lib/x86_64-linux-gnu/libz.so.1.2.8
7f96080bf000-7f96082be000 ---p 00019000 08:02 267220                     /lib/x86_64-linux-gnu/libz.so.1.2.8
7f96082be000-7f96082bf000 r--p 00018000 08:02 267220                     /lib/x86_64-linux-gnu/libz.so.1.2.8
7f96082bf000-7f96082c0000 rw-p 00019000 08:02 267220                     /lib/x86_64-linux-gnu/libz.so.1.2.8
7f96082c0000-7f9608480000 r-xp 00000000 08:02 267029                     /lib/x86_64-linux-gnu/libc-2.23.so
7f9608480000-7f9608680000 ---p 001c0000 08:02 267029                     /lib/x86_64-linux-gnu/libc-2.23.so
7f9608680000-7f9608684000 r--p 001c0000 08:02 267029                     /lib/x86_64-linux-gnu/libc-2.23.so
7f9608684000-7f9608686000 rw-p 001c4000 08:02 267029                     /lib/x86_64-linux-gnu/libc-2.23.so
7f9608686000-7f960868a000 rw-p 00000000 00:00 0 
7f960868a000-7f9608697000 r-xp 00000000 08:02 4593155                    /usr/lib/jvm/java-8-openjdk-amd64/jre/lib/amd64/jli/libjli.so
7f9608697000-7f9608896000 ---p 0000d000 08:02 4593155                    /usr/lib/jvm/java-8-openjdk-amd64/jre/lib/amd64/jli/libjli.so
7f9608896000-7f9608897000 r--p 0000c000 08:02 4593155                    /usr/lib/jvm/java-8-openjdk-amd64/jre/lib/amd64/jli/libjli.so
7f9608897000-7f9608898000 rw-p 0000d000 08:02 4593155                    /usr/lib/jvm/java-8-openjdk-amd64/jre/lib/amd64/jli/libjli.so
7f9608898000-7f96088be000 r-xp 00000000 08:02 267001                     /lib/x86_64-linux-gnu/ld-2.23.so
7f96088be000-7f96088bf000 r--s 00000000 08:02 3410393                    /home/bach/.m2/repository/org/springframework/boot/spring-boot-starter-web/2.0.0.RELEASE/spring-boot-starter-web-2.0.0.RELEASE.jar
7f96088bf000-7f96088c0000 r--s 00000000 08:02 4327971                    /usr/lib/jvm/java-8-openjdk-amd64/jre/lib/management-agent.jar
7f96088c0000-7f96088c2000 r--s 00016000 08:02 4327975                    /usr/lib/jvm/java-8-openjdk-amd64/jre/lib/jce.jar
7f96088c2000-7f96088c3000 r--s 00010000 08:02 5130651                    /usr/lib/jvm/java-8-openjdk-amd64/jre/lib/ext/zipfs.jar
7f96088c3000-7f96088c6000 r--s 00039000 08:02 5130657                    /usr/lib/jvm/java-8-openjdk-amd64/jre/lib/ext/sunpkcs11.jar
7f96088c6000-7f96088d0000 r--s 00116000 08:02 5130656                    /usr/lib/jvm/java-8-openjdk-amd64/jre/lib/ext/localedata.jar
7f96088d0000-7f96089a0000 rw-p 00000000 00:00 0 
7f96089a0000-7f96089a3000 ---p 00000000 00:00 0 
7f96089a3000-7f9608aa5000 rw-p 00000000 00:00 0 
7f9608aa5000-7f9608aa7000 r--s 00008000 08:02 5130652                    /usr/lib/jvm/java-8-openjdk-amd64/jre/lib/ext/sunec.jar
7f9608aa7000-7f9608aaa000 r--s 0000f000 08:02 5130648                    /usr/lib/jvm/java-8-openjdk-amd64/jre/lib/ext/icedtea-sound.jar
7f9608aaa000-7f9608aac000 r--s 00001000 08:02 5130655                    /usr/lib/jvm/java-8-openjdk-amd64/jre/lib/ext/dnsns.jar
7f9608aac000-7f9608aad000 r--s 0000a000 08:02 5130654                    /usr/lib/jvm/java-8-openjdk-amd64/jre/lib/ext/jaccess.jar
7f9608aad000-7f9608ab2000 r--s 0003c000 08:02 5130653                    /usr/lib/jvm/java-8-openjdk-amd64/jre/lib/ext/sunjce_provider.jar
7f9608ab2000-7f9608aba000 rw-s 00000000 08:02 788313                     /tmp/hsperfdata_bach/27239
7f9608aba000-7f9608abb000 rw-p 00000000 00:00 0 
7f9608abb000-7f9608abc000 ---p 00000000 00:00 0 
7f9608abc000-7f9608abd000 rw-p 00000000 00:00 0 
7f9608abd000-7f9608abe000 r--p 00025000 08:02 267001                     /lib/x86_64-linux-gnu/ld-2.23.so
7f9608abe000-7f9608abf000 rw-p 00026000 08:02 267001                     /lib/x86_64-linux-gnu/ld-2.23.so
7f9608abf000-7f9608ac0000 rw-p 00000000 00:00 0 
7ffdeaa9a000-7ffdeaabd000 rw-p 00000000 00:00 0                          [stack]
7ffdeab53000-7ffdeab56000 r--p 00000000 00:00 0                          [vvar]
7ffdeab56000-7ffdeab58000 r-xp 00000000 00:00 0                          [vdso]
ffffffffff600000-ffffffffff601000 r-xp 00000000 00:00 0                  [vsyscall]

VM Arguments:
jvm_args: -agentlib:jdwp=transport=dt_socket,address=127.0.0.1:36903,suspend=y,server=n -XX:TieredStopAtLevel=1 -Xverify:none -Dspring.output.ansi.enabled=always -Dcom.sun.management.jmxremote -Dspring.jmx.enabled=true -Dspring.liveBeansView.mbeanDomain -Dspring.application.admin.enabled=true -javaagent:/snap/intellij-idea-ultimate/148/lib/rt/debugger-agent.jar -Dfile.encoding=UTF-8 
java_command: com.example.Application
java_class_path (initial): /usr/lib/jvm/java-8-openjdk-amd64/jre/lib/charsets.jar:/usr/lib/jvm/java-8-openjdk-amd64/jre/lib/ext/cldrdata.jar:/usr/lib/jvm/java-8-openjdk-amd64/jre/lib/ext/dnsns.jar:/usr/lib/jvm/java-8-openjdk-amd64/jre/lib/ext/icedtea-sound.jar:/usr/lib/jvm/java-8-openjdk-amd64/jre/lib/ext/jaccess.jar:/usr/lib/jvm/java-8-openjdk-amd64/jre/lib/ext/localedata.jar:/usr/lib/jvm/java-8-openjdk-amd64/jre/lib/ext/nashorn.jar:/usr/lib/jvm/java-8-openjdk-amd64/jre/lib/ext/sunec.jar:/usr/lib/jvm/java-8-openjdk-amd64/jre/lib/ext/sunjce_provider.jar:/usr/lib/jvm/java-8-openjdk-amd64/jre/lib/ext/sunpkcs11.jar:/usr/lib/jvm/java-8-openjdk-amd64/jre/lib/ext/zipfs.jar:/usr/lib/jvm/java-8-openjdk-amd64/jre/lib/jce.jar:/usr/lib/jvm/java-8-openjdk-amd64/jre/lib/jsse.jar:/usr/lib/jvm/java-8-openjdk-amd64/jre/lib/management-agent.jar:/usr/lib/jvm/java-8-openjdk-amd64/jre/lib/resources.jar:/usr/lib/jvm/java-8-openjdk-amd64/jre/lib/rt.jar:/home/bach/IdeaProjects/craw/target/classes:/home/bach/.m2/repository/org/springframework/boot/spring-boot-starter-web/2.0.0.RELEASE/spring-boot-starter-web-2.0.0.RELEASE.jar:/home/bach/.m2/repository/org/springframework/boot/spring-boot-starter/2.0.0.RELEASE/spring-boot-starter-2.0.0.RELEASE.jar:/home/bach/.m2/repository/org/springframework/boot/spring-boot/2.0.0.RELEASE/spring-boot-2.0.0.RELEASE.jar:/home/bach/.m2/repository/org/springframework/boot/spring-boot-autoconfigure/2.0.0.RELEASE/spring-boot-autoconfigure-2.0.0.RELEASE.jar:/home/bach/.m2/repository/org/springframework/boot/spring-boot-starter-logging/2.0.0.RELEASE/spring-boot-starter-logging-2.0.0.RELEASE.jar:/home/bach/.m2/repository/ch/qos/logback/logback-classic/1.2.3/logback-classic-1.2.3.jar:/home/bach/.m2/repository/ch/qos/logback/logback-core/1.2.3/logback-core-1.2.3.jar:/home/bach/.m2/repository/org/apache/logging/log4j/log4j-to-slf4j/2.10.0/log4j-to-slf4j-2.10.0.jar:/home/bach/.m2/repository/org/apache/logging/log4j/log4j-api/2.10.0/log4j-api-2.10.0.jar:/home/bach/.m2
Launcher Type: SUN_STANDARD

Environment Variables:
PATH=/home/bach/bin:/home/bach/.local/bin:/usr/local/sbin:/usr/local/bin:/usr/sbin:/usr/bin:/sbin:/bin:/usr/games:/usr/local/games:/snap/bin
SHELL=/bin/bash
DISPLAY=:0

Signal Handlers:
SIGSEGV: [libjvm.so+0xa765a0], sa_mask[0]=11111111011111111101111111111110, sa_flags=SA_RESTART|SA_SIGINFO
SIGBUS: [libjvm.so+0xa765a0], sa_mask[0]=11111111011111111101111111111110, sa_flags=SA_RESTART|SA_SIGINFO
SIGFPE: [libjvm.so+0x8bd800], sa_mask[0]=11111111011111111101111111111110, sa_flags=SA_RESTART|SA_SIGINFO
SIGPIPE: [libjvm.so+0x8bd800], sa_mask[0]=11111111011111111101111111111110, sa_flags=SA_RESTART|SA_SIGINFO
SIGXFSZ: [libjvm.so+0x8bd800], sa_mask[0]=11111111011111111101111111111110, sa_flags=SA_RESTART|SA_SIGINFO
SIGILL: [libjvm.so+0x8bd800], sa_mask[0]=11111111011111111101111111111110, sa_flags=SA_RESTART|SA_SIGINFO
SIGUSR1: SIG_DFL, sa_mask[0]=00000000000000000000000000000000, sa_flags=none
SIGUSR2: [libjvm.so+0x8bd6b0], sa_mask[0]=00100000000000000000000000000000, sa_flags=SA_RESTART|SA_SIGINFO
SIGHUP: [libjvm.so+0x8bdd40], sa_mask[0]=11111111011111111101111111111110, sa_flags=SA_RESTART|SA_SIGINFO
SIGINT: [libjvm.so+0x8bdd40], sa_mask[0]=11111111011111111101111111111110, sa_flags=SA_RESTART|SA_SIGINFO
SIGTERM: [libjvm.so+0x8bdd40], sa_mask[0]=11111111011111111101111111111110, sa_flags=SA_RESTART|SA_SIGINFO
SIGQUIT: [libjvm.so+0x8bdd40], sa_mask[0]=11111111011111111101111111111110, sa_flags=SA_RESTART|SA_SIGINFO


---------------  S Y S T E M  ---------------

OS:DISTRIB_ID=Ubuntu
DISTRIB_RELEASE=16.04
DISTRIB_CODENAME=xenial
DISTRIB_DESCRIPTION="Ubuntu 16.04.6 LTS"

uname:Linux 4.15.0-54-generic #58~16.04.1-Ubuntu SMP Mon Jun 24 13:21:41 UTC 2019 x86_64
libc:glibc 2.23 NPTL 2.23 
rlimit: STACK 8192k, CORE 0k, NPROC 30892, NOFILE 1048576, AS infinity
load average:2,26 2,79 2,50

/proc/meminfo:
MemTotal:        8034276 kB
MemFree:          107988 kB
MemAvailable:      30980 kB
Buffers:            2876 kB
Cached:           493848 kB
SwapCached:        14632 kB
Active:          6635472 kB
Inactive:         818272 kB
Active(anon):    6609644 kB
Inactive(anon):   788636 kB
Active(file):      25828 kB
Inactive(file):    29636 kB
Unevictable:         112 kB
Mlocked:             112 kB
SwapTotal:        999420 kB
SwapFree:              0 kB
Dirty:                92 kB
Writeback:             0 kB
AnonPages:       6943080 kB
Mapped:           327612 kB
Shmem:            440980 kB
Slab:             194784 kB
SReclaimable:      68184 kB
SUnreclaim:       126600 kB
KernelStack:       24832 kB
PageTables:       141368 kB
NFS_Unstable:          0 kB
Bounce:                0 kB
WritebackTmp:          0 kB
CommitLimit:     5016556 kB
Committed_AS:   23614800 kB
VmallocTotal:   34359738367 kB
VmallocUsed:           0 kB
VmallocChunk:          0 kB
HardwareCorrupted:     0 kB
AnonHugePages:         0 kB
ShmemHugePages:        0 kB
ShmemPmdMapped:        0 kB
CmaTotal:              0 kB
CmaFree:               0 kB
HugePages_Total:       0
HugePages_Free:        0
HugePages_Rsvd:        0
HugePages_Surp:        0
Hugepagesize:       2048 kB
DirectMap4k:      478972 kB
DirectMap2M:     7776256 kB

container (cgroup) information:
container_type: cgroupv1
cpu_cpuset_cpus: 0-3
cpu_memory_nodes: 0
active_processor_count: 4
cpu_quota: -1
cpu_period: 100000
cpu_shares: -1
memory_limit_in_bytes: -1
memory_and_swap_limit_in_bytes: -2
memory_soft_limit_in_bytes: -1
memory_usage_in_bytes: 7795687424
memory_max_usage_in_bytes: 7801053184


CPU:total 4 (initial active 4) (2 cores per cpu, 2 threads per core) family 6 model 58 stepping 9, cmov, cx8, fxsr, mmx, sse, sse2, sse3, ssse3, sse4.1, sse4.2, popcnt, avx, aes, clmul, erms, ht, tsc, tscinvbit, tscinv

/proc/cpuinfo:
processor	: 0
vendor_id	: GenuineIntel
cpu family	: 6
model		: 58
model name	: Intel(R) Core(TM) i5-3337U CPU @ 1.80GHz
stepping	: 9
microcode	: 0x20
cpu MHz		: 2494.209
cache size	: 3072 KB
physical id	: 0
siblings	: 4
core id		: 0
cpu cores	: 2
apicid		: 0
initial apicid	: 0
fpu		: yes
fpu_exception	: yes
cpuid level	: 13
wp		: yes
flags		: fpu vme de pse tsc msr pae mce cx8 apic sep mtrr pge mca cmov pat pse36 clflush dts acpi mmx fxsr sse sse2 ss ht tm pbe syscall nx rdtscp lm constant_tsc arch_perfmon pebs bts rep_good nopl xtopology nonstop_tsc cpuid aperfmperf pni pclmulqdq dtes64 monitor ds_cpl vmx est tm2 ssse3 cx16 xtpr pdcm pcid sse4_1 sse4_2 x2apic popcnt tsc_deadline_timer aes xsave avx f16c rdrand lahf_lm cpuid_fault epb pti ssbd ibrs ibpb stibp tpr_shadow vnmi flexpriority ept vpid fsgsbase smep erms xsaveopt dtherm ida arat pln pts flush_l1d
bugs		: cpu_meltdown spectre_v1 spectre_v2 spec_store_bypass l1tf mds
bogomips	: 3591.56
clflush size	: 64
cache_alignment	: 64
address sizes	: 36 bits physical, 48 bits virtual
power management:

processor	: 1
vendor_id	: GenuineIntel
cpu family	: 6
model		: 58
model name	: Intel(R) Core(TM) i5-3337U CPU @ 1.80GHz
stepping	: 9
microcode	: 0x20
cpu MHz		: 2494.402
cache size	: 3072 KB
physical id	: 0
siblings	: 4
core id		: 0
cpu cores	: 2
apicid		: 1
initial apicid	: 1
fpu		: yes
fpu_exception	: yes
cpuid level	: 13
wp		: yes
flags		: fpu vme de pse tsc msr pae mce cx8 apic sep mtrr pge mca cmov pat pse36 clflush dts acpi mmx fxsr sse sse2 ss ht tm pbe syscall nx rdtscp lm constant_tsc arch_perfmon pebs bts rep_good nopl xtopology nonstop_tsc cpuid aperfmperf pni pclmulqdq dtes64 monitor ds_cpl vmx est tm2 ssse3 cx16 xtpr pdcm pcid sse4_1 sse4_2 x2apic popcnt tsc_deadline_timer aes xsave avx f16c rdrand lahf_lm cpuid_fault epb pti ssbd ibrs ibpb stibp tpr_shadow vnmi flexpriority ept vpid fsgsbase smep erms xsaveopt dtherm ida arat pln pts flush_l1d
bugs		: cpu_meltdown spectre_v1 spectre_v2 spec_store_bypass l1tf mds
bogomips	: 3591.56
clflush size	: 64
cache_alignment	: 64
address sizes	: 36 bits physical, 48 bits virtual
power management:

processor	: 2
vendor_id	: GenuineIntel
cpu family	: 6
model		: 58
model name	: Intel(R) Core(TM) i5-3337U CPU @ 1.80GHz
stepping	: 9
microcode	: 0x20
cpu MHz		: 2665.542
cache size	: 3072 KB
physical id	: 0
siblings	: 4
core id		: 1
cpu cores	: 2
apicid		: 2
initial apicid	: 2
fpu		: yes
fpu_exception	: yes
cpuid level	: 13
wp		: yes
flags		: fpu vme de pse tsc msr pae mce cx8 apic sep mtrr pge mca cmov pat pse36 clflush dts acpi mmx fxsr sse sse2 ss ht tm pbe syscall nx rdtscp lm constant_tsc arch_perfmon pebs bts rep_good nopl xtopology nonstop_tsc cpuid aperfmperf pni pclmulqdq dtes64 monitor ds_cpl vmx est tm2 ssse3 cx16 xtpr pdcm pcid sse4_1 sse4_2 x2apic popcnt tsc_deadline_timer aes xsave avx f16c rdrand lahf_lm cpuid_fault epb pti ssbd ibrs ibpb stibp tpr_shadow vnmi flexpriority ept vpid fsgsbase smep erms xsaveopt dtherm ida arat pln pts flush_l1d
bugs		: cpu_meltdown spectre_v1 spectre_v2 spec_store_bypass l1tf mds
bogomips	: 3591.56
clflush size	: 64
cache_alignment	: 64
address sizes	: 36 bits physical, 48 bits virtual
power management:

processor	: 3
vendor_id	: GenuineIntel
cpu family	: 6
model		: 58
model name	: Intel(R) Core(TM) i5-3337U CPU @ 1.80GHz
stepping	: 9
microcode	: 0x20
cpu MHz		: 2588.371
cache size	: 3072 KB
physical id	: 0
siblings	: 4
core id		: 1
cpu cores	: 2
apicid		: 3
initial apicid	: 3
fpu		: yes
fpu_exception	: yes
cpuid level	: 13
wp		: yes
flags		: fpu vme de pse tsc msr pae mce cx8 apic sep mtrr pge mca cmov pat pse36 clflush dts acpi mmx fxsr sse sse2 ss ht tm pbe syscall nx rdtscp lm constant_tsc arch_perfmon pebs bts rep_good nopl xtopology nonstop_tsc cpuid aperfmperf pni pclmulqdq dtes64 monitor ds_cpl vmx est tm2 ssse3 cx16 xtpr pdcm pcid sse4_1 sse4_2 x2apic popcnt tsc_deadline_timer aes xsave avx f16c rdrand lahf_lm cpuid_fault epb pti ssbd ibrs ibpb stibp tpr_shadow vnmi flexpriority ept vpid fsgsbase smep erms xsaveopt dtherm ida arat pln pts flush_l1d
bugs		: cpu_meltdown spectre_v1 spectre_v2 spec_store_bypass l1tf mds
bogomips	: 3591.56
clflush size	: 64
cache_alignment	: 64
address sizes	: 36 bits physical, 48 bits virtual
power management:



Memory: 4k page, physical 8034276k(112020k free), swap 999420k(0k free)

vm_info: OpenJDK 64-Bit Server VM (25.212-b03) for linux-amd64 JRE (1.8.0_212-8u212-b03-0ubuntu1.16.04.1-b03), built on Apr 26 2019 02:02:50 by "buildd" with gcc 5.4.0 20160609

time: Sat Jul 20 16:46:59 2019
timezone: +07
elapsed time: 69 seconds (0d 0h 1m 9s)

